<?xml version="1.0" encoding="UTF-8"?>
<!-- Generated by org.testng.reporters.JUnitReportReporter -->
<testsuite skipped="0" hostname="1ec499eca007" name="com.SearchPage.Tests.SearchTest" tests="4" failures="0" timestamp="03 Jul 2020 05:46:18 GMT" time="71.670" errors="0">
  <testcase name="search" time="25.281" classname="com.SearchPage.Tests.SearchTest"/>
  <testcase name="search" time="15.773" classname="com.SearchPage.Tests.SearchTest"/>
  <testcase name="search" time="17.079" classname="com.SearchPage.Tests.SearchTest"/>
  <testcase name="search" time="13.537" classname="com.SearchPage.Tests.SearchTest"/>
</testsuite> <!-- com.SearchPage.Tests.SearchTest -->
