<?xml version="1.0" encoding="UTF-8"?>
<!-- Generated by org.testng.reporters.JUnitReportReporter -->
<testsuite skipped="0" hostname="45305720d95b" name="com.newTours.Tests.BookFlightTest" tests="10" failures="0" timestamp="03 Jul 2020 05:45:20 GMT" time="65.216" errors="0">
  <testcase name="flightDetailsPage" time="4.699" classname="com.newTours.Tests.BookFlightTest"/>
  <testcase name="findFlightPage" time="5.826" classname="com.newTours.Tests.BookFlightTest"/>
  <testcase name="registrationConfirmationPage" time="2.605" classname="com.newTours.Tests.BookFlightTest"/>
  <testcase name="flightConfirmationPage" time="5.597" classname="com.newTours.Tests.BookFlightTest"/>
  <testcase name="registrationPage" time="9.945" classname="com.newTours.Tests.BookFlightTest"/>
  <testcase name="flightDetailsPage" time="4.414" classname="com.newTours.Tests.BookFlightTest"/>
  <testcase name="registrationPage" time="14.566" classname="com.newTours.Tests.BookFlightTest"/>
  <testcase name="findFlightPage" time="6.465" classname="com.newTours.Tests.BookFlightTest"/>
  <testcase name="registrationConfirmationPage" time="4.723" classname="com.newTours.Tests.BookFlightTest"/>
  <testcase name="flightConfirmationPage" time="6.376" classname="com.newTours.Tests.BookFlightTest"/>
</testsuite> <!-- com.newTours.Tests.BookFlightTest -->
